<?xml version="1.0" encoding="UTF-8"?>
<testsuite name="tiencuong.edu.projectmain01.ExampleUnitTest" tests="1" skipped="0" failures="0" errors="0" timestamp="2024-03-24T16:20:37" hostname="ADMIN-PC" time="0.002">
  <properties/>
  <testcase name="addition_isCorrect" classname="tiencuong.edu.projectmain01.ExampleUnitTest" time="0.002"/>
  <system-out><![CDATA[]]></system-out>
  <system-err><![CDATA[]]></system-err>
</testsuite>
